  [1m[36m (4.6ms)[0m  [1mCREATE TABLE "schema_migrations" ("version" varchar(255) NOT NULL) [0m
  [1m[35m (0.1ms)[0m  select sqlite_version(*)
  [1m[36m (3.6ms)[0m  [1mCREATE UNIQUE INDEX "unique_schema_migrations" ON "schema_migrations" ("version")[0m
  [1m[35mActiveRecord::SchemaMigration Load (0.1ms)[0m  SELECT "schema_migrations".* FROM "schema_migrations"
  [1m[36m (4.3ms)[0m  [1mCREATE TABLE "schema_migrations" ("version" varchar(255) NOT NULL) [0m
  [1m[35m (0.1ms)[0m  select sqlite_version(*)
  [1m[36m (3.5ms)[0m  [1mCREATE UNIQUE INDEX "unique_schema_migrations" ON "schema_migrations" ("version")[0m
  [1m[35m (0.1ms)[0m  SELECT version FROM "schema_migrations"
  [1m[36m (3.7ms)[0m  [1mINSERT INTO "schema_migrations" (version) VALUES ('0')[0m
  [1m[36mActiveRecord::SchemaMigration Load (0.1ms)[0m  [1mSELECT "schema_migrations".* FROM "schema_migrations"[0m
Migrating to CreatePlates (20140803210627)
  [1m[35m (0.1ms)[0m  begin transaction
  [1m[36m (0.5ms)[0m  [1mCREATE TABLE "plates" ("id" INTEGER PRIMARY KEY AUTOINCREMENT NOT NULL, "rating" decimal, "created_at" datetime, "updated_at" datetime) [0m
  [1m[35mSQL (7.7ms)[0m  INSERT INTO "schema_migrations" ("version") VALUES (?)  [["version", "20140803210627"]]
  [1m[36m (5.5ms)[0m  [1mcommit transaction[0m
Migrating to CreateHelpings (20140803212013)
  [1m[35m (0.1ms)[0m  begin transaction
  [1m[36m (0.2ms)[0m  [1mCREATE TABLE "helpings" ("id" INTEGER PRIMARY KEY AUTOINCREMENT NOT NULL, "name" varchar(255), "nutrient" varchar(255), "rating" decimal, "plate_id" integer, "created_at" datetime, "updated_at" datetime) [0m
  [1m[35m (0.0ms)[0m  select sqlite_version(*)
  [1m[36m (0.1ms)[0m  [1mCREATE  INDEX "index_helpings_on_plate_id" ON "helpings" ("plate_id")[0m
  [1m[35mSQL (0.1ms)[0m  INSERT INTO "schema_migrations" ("version") VALUES (?)  [["version", "20140803212013"]]
  [1m[36m (4.0ms)[0m  [1mcommit transaction[0m
  [1m[35mActiveRecord::SchemaMigration Load (0.1ms)[0m  SELECT "schema_migrations".* FROM "schema_migrations"
  [1m[36m (0.1ms)[0m  [1m            SELECT sql
            FROM sqlite_master
            WHERE name='index_helpings_on_plate_id' AND type='index'
            UNION ALL
            SELECT sql
            FROM sqlite_temp_master
            WHERE name='index_helpings_on_plate_id' AND type='index'
[0m
  [1m[36m (5.3ms)[0m  [1mCREATE TABLE "helpings" ("id" INTEGER PRIMARY KEY AUTOINCREMENT NOT NULL, "name" varchar(255), "nutrient" varchar(255), "rating" decimal, "plate_id" integer, "created_at" datetime, "updated_at" datetime) [0m
  [1m[35m (0.1ms)[0m  select sqlite_version(*)
  [1m[36m (28.3ms)[0m  [1mCREATE  INDEX "index_helpings_on_plate_id" ON "helpings" ("plate_id")[0m
  [1m[35m (4.5ms)[0m  CREATE TABLE "plates" ("id" INTEGER PRIMARY KEY AUTOINCREMENT NOT NULL, "rating" decimal, "created_at" datetime, "updated_at" datetime) 
  [1m[36m (5.8ms)[0m  [1mCREATE TABLE "schema_migrations" ("version" varchar(255) NOT NULL) [0m
  [1m[35m (3.7ms)[0m  CREATE UNIQUE INDEX "unique_schema_migrations" ON "schema_migrations" ("version")
  [1m[36m (0.1ms)[0m  [1mSELECT version FROM "schema_migrations"[0m
  [1m[35m (3.1ms)[0m  INSERT INTO "schema_migrations" (version) VALUES ('20140803212013')
  [1m[36m (4.4ms)[0m  [1mINSERT INTO "schema_migrations" (version) VALUES ('20140803210627')[0m
  [1m[36m (4.4ms)[0m  [1mCREATE TABLE "helpings" ("id" INTEGER PRIMARY KEY AUTOINCREMENT NOT NULL, "name" varchar(255), "nutrient" varchar(255), "rating" decimal, "plate_id" integer, "created_at" datetime, "updated_at" datetime) [0m
  [1m[35m (0.1ms)[0m  select sqlite_version(*)
  [1m[36m (3.6ms)[0m  [1mCREATE  INDEX "index_helpings_on_plate_id" ON "helpings" ("plate_id")[0m
  [1m[35m (6.3ms)[0m  CREATE TABLE "plates" ("id" INTEGER PRIMARY KEY AUTOINCREMENT NOT NULL, "rating" decimal, "created_at" datetime, "updated_at" datetime) 
  [1m[36m (3.8ms)[0m  [1mCREATE TABLE "schema_migrations" ("version" varchar(255) NOT NULL) [0m
  [1m[35m (3.4ms)[0m  CREATE UNIQUE INDEX "unique_schema_migrations" ON "schema_migrations" ("version")
  [1m[36m (0.1ms)[0m  [1mSELECT version FROM "schema_migrations"[0m
  [1m[35m (3.9ms)[0m  INSERT INTO "schema_migrations" (version) VALUES ('20140803212013')
  [1m[36m (3.1ms)[0m  [1mINSERT INTO "schema_migrations" (version) VALUES ('20140803210627')[0m
  [1m[36m (3.4ms)[0m  [1mCREATE TABLE "helpings" ("id" INTEGER PRIMARY KEY AUTOINCREMENT NOT NULL, "name" varchar(255), "nutrient" varchar(255), "rating" decimal, "plate_id" integer, "created_at" datetime, "updated_at" datetime) [0m
  [1m[35m (0.1ms)[0m  select sqlite_version(*)
  [1m[36m (5.1ms)[0m  [1mCREATE  INDEX "index_helpings_on_plate_id" ON "helpings" ("plate_id")[0m
  [1m[35m (4.2ms)[0m  CREATE TABLE "plates" ("id" INTEGER PRIMARY KEY AUTOINCREMENT NOT NULL, "rating" decimal, "created_at" datetime, "updated_at" datetime) 
  [1m[36m (4.4ms)[0m  [1mCREATE TABLE "schema_migrations" ("version" varchar(255) NOT NULL) [0m
  [1m[35m (3.7ms)[0m  CREATE UNIQUE INDEX "unique_schema_migrations" ON "schema_migrations" ("version")
  [1m[36m (0.1ms)[0m  [1mSELECT version FROM "schema_migrations"[0m
  [1m[35m (4.1ms)[0m  INSERT INTO "schema_migrations" (version) VALUES ('20140803212013')
  [1m[36m (2.6ms)[0m  [1mINSERT INTO "schema_migrations" (version) VALUES ('20140803210627')[0m
  [1m[36m (5.1ms)[0m  [1mCREATE TABLE "helpings" ("id" INTEGER PRIMARY KEY AUTOINCREMENT NOT NULL, "name" varchar(255), "nutrient" varchar(255), "rating" decimal, "plate_id" integer, "created_at" datetime, "updated_at" datetime) [0m
  [1m[35m (0.1ms)[0m  select sqlite_version(*)
  [1m[36m (5.0ms)[0m  [1mCREATE  INDEX "index_helpings_on_plate_id" ON "helpings" ("plate_id")[0m
  [1m[35m (4.9ms)[0m  CREATE TABLE "plates" ("id" INTEGER PRIMARY KEY AUTOINCREMENT NOT NULL, "rating" decimal, "created_at" datetime, "updated_at" datetime) 
  [1m[36m (5.0ms)[0m  [1mCREATE TABLE "schema_migrations" ("version" varchar(255) NOT NULL) [0m
  [1m[35m (5.1ms)[0m  CREATE UNIQUE INDEX "unique_schema_migrations" ON "schema_migrations" ("version")
  [1m[36m (0.1ms)[0m  [1mSELECT version FROM "schema_migrations"[0m
  [1m[35m (3.5ms)[0m  INSERT INTO "schema_migrations" (version) VALUES ('20140803212013')
  [1m[36m (3.6ms)[0m  [1mINSERT INTO "schema_migrations" (version) VALUES ('20140803210627')[0m


Started GET "/" for 127.0.0.1 at 2014-08-03 15:05:19 -0700
  [1m[36mActiveRecord::SchemaMigration Load (0.2ms)[0m  [1mSELECT "schema_migrations".* FROM "schema_migrations"[0m
Processing by PlatesController#index as HTML
  Rendered plates/index.html.slim within layouts/application (27.6ms)
Completed 200 OK in 703ms (Views: 678.6ms | ActiveRecord: 0.0ms)


Started GET "/assets/plates.css?body=1" for 127.0.0.1 at 2014-08-03 15:05:20 -0700


Started GET "/assets/application.css?body=1" for 127.0.0.1 at 2014-08-03 15:05:20 -0700


Started GET "/assets/jquery.js?body=1" for 127.0.0.1 at 2014-08-03 15:05:20 -0700


Started GET "/assets/application.js?body=1" for 127.0.0.1 at 2014-08-03 15:05:20 -0700


Started GET "/assets/turbolinks.js?body=1" for 127.0.0.1 at 2014-08-03 15:05:20 -0700


Started GET "/assets/jquery_ujs.js?body=1" for 127.0.0.1 at 2014-08-03 15:05:20 -0700


Started GET "/assets/plates.js?body=1" for 127.0.0.1 at 2014-08-03 15:05:20 -0700
